<?xml version="1.0" encoding="UTF-8"?>
<!-- Generated by org.testng.reporters.JUnitReportReporter -->
<testsuite skipped="0" hostname="LAPTOP-Q0KIIC69" name="apiGetRequest.TC02_PostRequest" tests="1" failures="0" timestamp="02 May 2021 02:26:56 GMT" time="1.907" errors="0">
  <testcase name="register" time="1.907" classname="apiGetRequest.TC02_PostRequest"/>
</testsuite> <!-- apiGetRequest.TC02_PostRequest -->
