<?xml version="1.0" encoding="UTF-8"?>
<!-- Generated by org.testng.reporters.JUnitReportReporter -->
<testsuite skipped="0" hostname="LAPTOP-Q0KIIC69" name="apiGetRequest.TC01_GetRequest" tests="1" failures="0" timestamp="03 May 2021 00:36:03 GMT" time="1.414" errors="0">
  <testcase name="getWeatherDetails" time="1.414" classname="apiGetRequest.TC01_GetRequest"/>
</testsuite> <!-- apiGetRequest.TC01_GetRequest -->
